{"level":"info","message":"Connected to MongoDB"}
{"level":"info","message":"Connected to MongoDB"}
{"level":"info","message":"Connected to MongoDB"}
{"level":"info","message":"Connected to MongoDB"}
{"level":"info","message":"Connected to MongoDB"}
{"level":"info","message":"Connected to MongoDB"}
{"level":"info","message":"Connected to MongoDB"}
{"level":"info","message":"Connected to MongoDB"}
{"level":"info","message":"Connected to MongoDB"}
{"level":"info","message":"Connected to MongoDB"}
{"level":"info","message":"Connected to MongoDB"}
{"level":"info","message":"Connected to MongoDB"}
{"level":"info","message":"Connected to MongoDB"}
{"level":"info","message":"Connected to MongoDB"}
{"level":"info","message":"Connected to MongoDB"}
{"level":"info","message":"Connected to MongoDB"}
{"level":"info","message":"Connected to MongoDB"}
{"level":"info","message":"Connected to MongoDB"}
{"level":"info","message":"Connected to MongoDB"}
2023-09-02T13:59:59.334Z [undefined] [32minfo[39m: Connected to MongoDB
2023-09-02T14:00:22.294Z [32minfo[39m: Connected to MongoDB
[2023-09-02T14:00:34.023Z] [32minfo[39m: Connected to MongoDB
[2023-09-02T14:01:59.992Z] [32minfo[39m: Connected to MongoDB
[2023-09-02T14:02:08.071Z] [32minfo[39m: Connected to MongoDB
[2023-09-02T14:02:10.378Z] [32minfo[39m: Connected to MongoDB
[2023-09-02T14:02:16.565Z] [32minfo[39m: Connected to MongoDB
[2023-09-02T14:03:06.958Z] [32minfo[39m: Connected to MongoDB
[2023-09-02T14:05:57.936Z] [32minfo[39m: Connected to MongoDB
[2023-09-02T14:07:01.070Z] [32minfo[39m: Connected to MongoDB
[2023-09-02T14:07:09.442Z] [32minfo[39m: Connected to MongoDB
[2023-09-02T14:07:33.638Z] [32minfo[39m: Connected to MongoDB
[2023-09-02T14:07:41.868Z] [32minfo[39m: Connected to MongoDB
[2023-09-02T14:08:17.931Z] [32minfo[39m: Connected to MongoDB
[2023-09-02T14:10:28.071Z] [32minfo[39m: Connected to MongoDB
[2023-09-02T14:11:04.492Z] [32minfo[39m: Connected to MongoDB
[2023-09-02T14:11:09.674Z] [32minfo[39m: Connected to MongoDB
[2023-09-02T14:12:28.294Z] [32minfo[39m: Connected to MongoDB
[2023-09-02T14:12:34.367Z] [32minfo[39m: Connected to MongoDB
[2023-09-02T14:12:52.047Z] [32minfo[39m: Connected to MongoDB
[2023-09-02T14:12:56.737Z] [32minfo[39m: Connected to MongoDB
[2023-09-02T14:14:30.022Z] [32minfo[39m: Connected to MongoDB
[2023-09-02T14:14:32.322Z] [32minfo[39m: Connected to MongoDB
[2023-09-02T14:14:46.143Z] [32minfo[39m: Connected to MongoDB
[2023-09-02T14:15:04.422Z] [32minfo[39m: Connected to MongoDB
[2023-09-02T14:15:10.246Z] [32minfo[39m: Connected to MongoDB
[2023-09-02T14:15:30.318Z] [32minfo[39m: Connected to MongoDB
[2023-09-02T14:16:10.631Z] [32minfo[39m: Connected to MongoDB
[2023-09-02T14:16:15.992Z] [32minfo[39m: Connected to MongoDB
[2023-09-02T14:16:19.809Z] [32minfo[39m: Connected to MongoDB
[2023-09-02T14:17:33.369Z] [32minfo[39m: Connected to MongoDB
[2023-09-02T14:19:01.137Z] [32minfo[39m: Server is on port 3000!
[2023-09-02T14:19:01.478Z] [32minfo[39m: Connected to MongoDB
[2023-09-02T14:20:03.094Z] [32minfo[39m: Server is on port 3000!
[2023-09-02T14:20:03.490Z] [32minfo[39m: Connected to MongoDB
[2023-09-02T14:20:04.352Z] [32minfo[39m: Server is on port 3000!
[2023-09-02T14:20:04.683Z] [32minfo[39m: Connected to MongoDB
[2023-09-02T14:20:13.192Z] [32minfo[39m: Server is on port 3000!
[2023-09-02T14:20:17.026Z] [32minfo[39m: Server is on port 3000!
[2023-09-02T14:20:17.309Z] [32minfo[39m: Connected to MongoDB
[2023-09-02T14:21:10.611Z] [32minfo[39m: Server is on port 3000!
[2023-09-02T14:21:10.935Z] [32minfo[39m: Connected to MongoDB
[2023-09-02T14:21:21.923Z] [32minfo[39m: Server is on port 3000!
[2023-09-02T14:21:22.219Z] [32minfo[39m: Connected to MongoDB
[2023-09-02T14:21:26.143Z] [32minfo[39m: Server is on port 3000!
[2023-09-02T14:21:26.425Z] [32minfo[39m: Connected to MongoDB
[2023-09-02T14:21:34.388Z] [32minfo[39m: Connected to MongoDB
[2023-09-02T14:21:38.677Z] [32minfo[39m: Server is on port 3000!
[2023-09-02T14:21:38.999Z] [32minfo[39m: Connected to MongoDB
[2023-09-02T14:44:18.969Z] [32minfo[39m: Server is on port 3000!
[2023-09-02T14:44:19.290Z] [32minfo[39m: Connected to MongoDB
[2023-09-02T16:08:24.329Z] [32minfo[39m: Server is on port 3000!
[2023-09-02T16:08:24.667Z] [32minfo[39m: Connected to MongoDB
[2023-09-02T16:08:59.321Z] [32minfo[39m: Server is on port 3000!
[2023-09-02T16:08:59.754Z] [32minfo[39m: Connected to MongoDB
[2023-09-02T16:09:05.107Z] [32minfo[39m: Server is on port 3000!
[2023-09-02T16:09:05.405Z] [32minfo[39m: Connected to MongoDB
[2023-09-02T16:09:08.966Z] [32minfo[39m: Server is on port 3000!
[2023-09-02T16:09:09.229Z] [32minfo[39m: Connected to MongoDB
[2023-09-02T16:09:11.412Z] [32minfo[39m: Server is on port 3000!
[2023-09-02T16:09:11.765Z] [32minfo[39m: Connected to MongoDB
[2023-09-02T16:09:17.076Z] [32minfo[39m: Server is on port 3000!
[2023-09-02T16:09:17.415Z] [32minfo[39m: Connected to MongoDB
[2023-09-02T16:09:21.535Z] [32minfo[39m: Server is on port 3000!
[2023-09-02T16:09:21.858Z] [32minfo[39m: Connected to MongoDB
[2023-09-02T16:09:27.330Z] [32minfo[39m: Server is on port 3000!
[2023-09-02T16:09:27.681Z] [32minfo[39m: Connected to MongoDB
[2023-09-02T16:09:33.529Z] [32minfo[39m: Server is on port 3000!
[2023-09-02T16:09:33.859Z] [32minfo[39m: Connected to MongoDB
[2023-09-02T16:09:36.534Z] [32minfo[39m: Server is on port 3000!
[2023-09-02T16:09:36.826Z] [32minfo[39m: Connected to MongoDB
[2023-09-02T16:10:26.977Z] [32minfo[39m: Server is on port 3000!
[2023-09-02T16:10:27.331Z] [32minfo[39m: Connected to MongoDB
[2023-09-02T16:10:54.680Z] [32minfo[39m: Server is on port 3000!
[2023-09-02T16:10:54.987Z] [32minfo[39m: Connected to MongoDB
[2023-09-02T16:11:11.136Z] [32minfo[39m: Server is on port 3000!
[2023-09-02T16:11:11.450Z] [32minfo[39m: Connected to MongoDB
[2023-09-02T16:11:17.259Z] [32minfo[39m: Server is on port 3000!
[2023-09-02T16:11:17.560Z] [32minfo[39m: Connected to MongoDB
[2023-09-02T16:11:22.348Z] [32minfo[39m: Server is on port 3000!
[2023-09-02T16:11:22.633Z] [32minfo[39m: Connected to MongoDB
[2023-09-02T16:11:25.728Z] [32minfo[39m: (api call) : [object Object]
[2023-09-02T16:12:10.408Z] [32minfo[39m: Server is on port 3000!
[2023-09-02T16:12:10.683Z] [32minfo[39m: Connected to MongoDB
[2023-09-02T16:12:13.707Z] [32minfo[39m: (api call) : {"model":{"email":"anthony.chiron2@outlook.fr","password":"Ceci&1Pa$$w0rd2"}}
[2023-09-02T16:12:51.262Z] [32minfo[39m: Server is on port 3000!
[2023-09-02T16:12:51.574Z] [32minfo[39m: Connected to MongoDB
[2023-09-02T16:13:27.292Z] [32minfo[39m: Server is on port 3000!
[2023-09-02T16:13:27.560Z] [32minfo[39m: Connected to MongoDB
[2023-09-02T16:13:36.367Z] [32minfo[39m: Server is on port 3000!
[2023-09-02T16:13:36.648Z] [32minfo[39m: Connected to MongoDB
[2023-09-02T16:13:47.690Z] [32minfo[39m: Server is on port 3000!
[2023-09-02T16:13:47.980Z] [32minfo[39m: Connected to MongoDB
[2023-09-02T16:13:53.600Z] [32minfo[39m: Server is on port 3000!
[2023-09-02T16:13:53.932Z] [32minfo[39m: Connected to MongoDB
[2023-09-02T16:14:14.893Z] [32minfo[39m: Server is on port 3000!
[2023-09-02T16:14:15.189Z] [32minfo[39m: Connected to MongoDB
[2023-09-02T16:14:17.566Z] [32minfo[39m: Server is on port 3000!
[2023-09-02T16:14:17.821Z] [32minfo[39m: Connected to MongoDB
[2023-09-02T16:14:25.584Z] [32minfo[39m: Server is on port 3000!
[2023-09-02T16:14:25.881Z] [32minfo[39m: Connected to MongoDB
[2023-09-02T16:14:29.296Z] [32minfo[39m: Server is on port 3000!
[2023-09-02T16:14:29.569Z] [32minfo[39m: Connected to MongoDB
[2023-09-02T16:14:33.773Z] [32minfo[39m: Server is on port 3000!
[2023-09-02T16:14:34.047Z] [32minfo[39m: Connected to MongoDB
[2023-09-02T16:14:39.631Z] [32minfo[39m: Server is on port 3000!
[2023-09-02T16:14:39.979Z] [32minfo[39m: Connected to MongoDB
[2023-09-02T16:14:45.719Z] [32minfo[39m: Server is on port 3000!
[2023-09-02T16:14:46.059Z] [32minfo[39m: Connected to MongoDB
[2023-09-02T16:15:08.802Z] [32minfo[39m: Server is on port 3000!
[2023-09-02T16:15:09.128Z] [32minfo[39m: Connected to MongoDB
[2023-09-02T16:15:11.353Z] [32minfo[39m: Server is on port 3000!
[2023-09-02T16:15:11.619Z] [32minfo[39m: Connected to MongoDB
[2023-09-02T16:15:18.370Z] [32minfo[39m: (api call) : {"model":{"email":"anthony.chiron2@outlook.fr","password":"Ceci&1Pa$$w0rd2"}}
[2023-09-02T16:16:15.472Z] [32minfo[39m: Server is on port 3000!
[2023-09-02T16:16:15.868Z] [32minfo[39m: Connected to MongoDB
[2023-09-02T16:16:40.609Z] [32minfo[39m: Server is on port 3000!
[2023-09-02T16:16:40.948Z] [32minfo[39m: Connected to MongoDB
[2023-09-02T16:16:46.619Z] [32minfo[39m: Server is on port 3000!
[2023-09-02T16:16:46.940Z] [32minfo[39m: Connected to MongoDB
[2023-09-02T16:16:59.514Z] [32minfo[39m: Server is on port 3000!
[2023-09-02T16:16:59.800Z] [32minfo[39m: Connected to MongoDB
[2023-09-02T16:43:02.180Z] [32minfo[39m: Server is on port 3000!
[2023-09-02T16:43:02.493Z] [32minfo[39m: Connected to MongoDB
[2023-09-02T16:44:16.096Z] [32minfo[39m: Server is on port 3000!
[2023-09-02T16:44:16.506Z] [32minfo[39m: Connected to MongoDB
[2023-09-02T16:44:23.738Z] [32minfo[39m: Server is on port 3000!
[2023-09-02T16:44:24.136Z] [32minfo[39m: Connected to MongoDB
[2023-09-02T16:44:36.755Z] [32minfo[39m: Server is on port 3000!
[2023-09-02T16:44:37.064Z] [32minfo[39m: Connected to MongoDB
[2023-09-02T16:45:08.406Z] [32minfo[39m: Server is on port 3000!
[2023-09-02T16:45:08.732Z] [32minfo[39m: Connected to MongoDB
[2023-09-02T16:47:03.452Z] [32minfo[39m: Server is on port 3000!
[2023-09-02T16:47:03.776Z] [32minfo[39m: Connected to MongoDB
[2023-09-02T16:47:45.803Z] [32minfo[39m: Server is on port 3000!
[2023-09-02T16:47:46.131Z] [32minfo[39m: Connected to MongoDB
[2023-09-02T16:48:07.473Z] [32minfo[39m: Server is on port 3000!
[2023-09-02T16:48:08.140Z] [32minfo[39m: Server is on port 3000!
[2023-09-02T16:48:08.457Z] [32minfo[39m: Connected to MongoDB
[2023-09-02T16:48:12.019Z] [32minfo[39m: Server is on port 3000!
[2023-09-02T16:48:12.296Z] [32minfo[39m: Connected to MongoDB
[2023-09-02T16:48:37.393Z] [32minfo[39m: Server is on port 3000!
[2023-09-02T16:48:37.707Z] [32minfo[39m: Connected to MongoDB
[2023-09-02T16:49:54.213Z] [32minfo[39m: Server is on port 3000!
[2023-09-02T16:49:54.906Z] [32minfo[39m: Server is on port 3000!
[2023-09-02T16:49:55.222Z] [32minfo[39m: Connected to MongoDB
[2023-09-02T16:50:31.965Z] [32minfo[39m: Server is on port 3000!
[2023-09-02T16:50:32.272Z] [32minfo[39m: Connected to MongoDB
[2023-09-02T16:51:24.747Z] [32minfo[39m: Server is on port 3000!
[2023-09-02T16:51:25.073Z] [32minfo[39m: Connected to MongoDB
[2023-09-02T16:51:31.770Z] [32minfo[39m: Server is on port 3000!
[2023-09-02T16:51:32.086Z] [32minfo[39m: Connected to MongoDB
[2023-09-02T16:51:45.685Z] [32minfo[39m: Server is on port 3000!
[2023-09-02T16:51:46.016Z] [32minfo[39m: Connected to MongoDB
[2023-09-02T16:52:03.387Z] [32minfo[39m: Server is on port 3000!
[2023-09-02T16:52:03.677Z] [32minfo[39m: Connected to MongoDB
[2023-09-02T16:52:45.283Z] [32minfo[39m: Server is on port 3000!
[2023-09-02T16:52:45.625Z] [32minfo[39m: Connected to MongoDB
[2023-09-02T16:52:57.275Z] [32minfo[39m: Server is on port 3000!
[2023-09-02T16:52:57.566Z] [32minfo[39m: Connected to MongoDB
[2023-09-02T16:53:07.565Z] [32minfo[39m: Server is on port 3000!
[2023-09-02T16:53:07.873Z] [32minfo[39m: Connected to MongoDB
[2023-09-02T16:53:25.954Z] [32minfo[39m: Server is on port 3000!
[2023-09-02T16:53:26.277Z] [32minfo[39m: Connected to MongoDB
[2023-09-02T16:53:28.515Z] [32minfo[39m: Server is on port 3000!
[2023-09-02T16:53:28.794Z] [32minfo[39m: Connected to MongoDB
[2023-09-02T16:53:43.087Z] [32minfo[39m: Server is on port 3000!
[2023-09-02T16:53:43.362Z] [32minfo[39m: Connected to MongoDB
[2023-09-02T16:54:00.171Z] [32minfo[39m: Server is on port 3000!
[2023-09-02T16:54:00.522Z] [32minfo[39m: Connected to MongoDB
[2023-09-02T16:55:11.152Z] [32minfo[39m: Server is on port 3000!
[2023-09-02T16:55:11.489Z] [32minfo[39m: Connected to MongoDB
[2023-09-02T16:55:32.594Z] [32minfo[39m: Server is on port 3000!
[2023-09-02T16:55:32.903Z] [32minfo[39m: Connected to MongoDB
[2023-09-02T16:57:41.944Z] [32minfo[39m: Server is on port 3000!
[2023-09-02T16:57:42.395Z] [32minfo[39m: Connected to MongoDB
[2023-09-02T16:59:42.973Z] [32minfo[39m: Server is on port 3000!
[2023-09-02T16:59:43.314Z] [32minfo[39m: Connected to MongoDB
[2023-09-02T17:00:02.637Z] [32minfo[39m: Server is on port 3000!
[2023-09-02T17:00:02.952Z] [32minfo[39m: Connected to MongoDB
[2023-09-02T17:00:11.708Z] [32minfo[39m: Server is on port 3000!
[2023-09-02T17:00:12.001Z] [32minfo[39m: Connected to MongoDB
[2023-09-02T17:00:20.380Z] [32minfo[39m: Server is on port 3000!
[2023-09-02T17:00:20.731Z] [32minfo[39m: Connected to MongoDB
[2023-09-02T17:00:26.495Z] [32minfo[39m: Server is on port 3000!
[2023-09-02T17:00:27.570Z] [32minfo[39m: Server is on port 3000!
[2023-09-02T17:00:28.006Z] [32minfo[39m: Connected to MongoDB
[2023-09-02T17:00:31.307Z] [32minfo[39m: Server is on port 3000!
[2023-09-02T17:00:31.593Z] [32minfo[39m: Connected to MongoDB
[2023-09-02T17:00:41.676Z] [32minfo[39m: Server is on port 3000!
[2023-09-02T17:00:42.141Z] [32minfo[39m: Connected to MongoDB
[2023-09-02T17:00:48.326Z] [32minfo[39m: Server is on port 3000!
[2023-09-02T17:00:48.643Z] [32minfo[39m: Connected to MongoDB
[2023-09-02T17:01:14.394Z] [32minfo[39m: Server is on port 3000!
[2023-09-02T17:01:14.742Z] [32minfo[39m: Connected to MongoDB
[2023-09-02T17:01:26.367Z] [32minfo[39m: Server is on port 3000!
[2023-09-02T17:01:26.643Z] [32minfo[39m: Connected to MongoDB
[2023-09-02T17:01:34.433Z] [32minfo[39m: Server is on port 3000!
[2023-09-02T17:01:34.732Z] [32minfo[39m: Connected to MongoDB
[2023-09-02T17:01:38.236Z] [32minfo[39m: Server is on port 3000!
[2023-09-02T17:01:38.497Z] [32minfo[39m: Connected to MongoDB
[2023-09-02T17:01:45.795Z] [32minfo[39m: Server is on port 3000!
[2023-09-02T17:01:46.122Z] [32minfo[39m: Connected to MongoDB
[2023-09-02T17:01:48.813Z] [32minfo[39m: Server is on port 3000!
[2023-09-02T17:01:49.086Z] [32minfo[39m: Connected to MongoDB
[2023-09-02T17:02:18.418Z] [32minfo[39m: Server is on port 3000!
[2023-09-02T17:02:18.754Z] [32minfo[39m: Connected to MongoDB
[2023-09-02T17:02:25.124Z] [32minfo[39m: Server is on port 3000!
[2023-09-02T17:02:25.436Z] [32minfo[39m: Connected to MongoDB
[2023-09-02T17:02:32.926Z] [32minfo[39m: Server is on port 3000!
[2023-09-02T17:02:33.207Z] [32minfo[39m: Connected to MongoDB
[2023-09-02T17:06:56.367Z] [32minfo[39m: Server is on port 3000!
[2023-09-02T17:06:56.700Z] [32minfo[39m: Connected to MongoDB
[2023-09-02T17:07:04.082Z] [32minfo[39m: Server is on port 3000!
[2023-09-02T17:07:04.422Z] [32minfo[39m: Connected to MongoDB
[2023-09-02T17:07:05.705Z] [32minfo[39m: Server is on port 3000!
[2023-09-02T17:07:06.014Z] [32minfo[39m: Connected to MongoDB
[2023-09-02T17:07:18.366Z] [32minfo[39m: Server is on port 3000!
[2023-09-02T17:07:18.650Z] [32minfo[39m: Connected to MongoDB
[2023-09-02T17:07:22.480Z] [32minfo[39m: Server is on port 3000!
[2023-09-02T17:07:22.858Z] [32minfo[39m: Connected to MongoDB
